<?xml version="1.0" encoding="UTF-8"?>
<!-- Generated by org.testng.reporters.JUnitXMLReporter -->
<testsuite ignored="0" hostname="DESKTOP-ISVHKJH" failures="0" tests="3" name="Test2" time="0.172" errors="0" timestamp="2026-05-12T10:14:43 IST">
  <testcase classname="Contact_Module.ContactModuleTest" name="CreateContact_WithSupportdates_test" time="0.0">
    <skipped/>
  </testcase> <!-- CreateContact_WithSupportdates_test -->
  <testcase classname="Contact_Module.ContactModuleTest" name="CreateContact_With_orgnametest" time="0.001">
    <skipped/>
  </testcase> <!-- CreateContact_With_orgnametest -->
  <testcase classname="Contact_Module.ContactModuleTest" name="CreateContact_Withlastname_test" time="0.0">
    <skipped/>
  </testcase> <!-- CreateContact_Withlastname_test -->
</testsuite> <!-- Test2 -->
