<?xml version="1.0" encoding="UTF-8"?>
<!-- Generated by org.testng.reporters.JUnitXMLReporter -->
<testsuite ignored="0" hostname="DESKTOP-ISVHKJH" failures="0" tests="3" name="Test1" time="0.199" errors="0" timestamp="2026-05-12T10:14:43 IST">
  <testcase classname="BaseClassUtility.BaseClass" name="@BeforeSuite ConnectWith_BD" time="0.168">
    <failure type="com.mysql.cj.jdbc.exceptions.CommunicationsException" message="Communications link failure

The last packet sent successfully to the server was 0 milliseconds ago. The driver has not received any packets from the server.">
      <![CDATA[com.mysql.cj.jdbc.exceptions.CommunicationsException: Communications link failure

The last packet sent successfully to the server was 0 milliseconds ago. The driver has not received any packets from the server.
at com.mysql.cj.jdbc.exceptions.SQLError.createCommunicationsException(SQLError.java:174)
at com.mysql.cj.jdbc.exceptions.SQLExceptionsMapping.translateException(SQLExceptionsMapping.java:64)
at com.mysql.cj.jdbc.ConnectionImpl.createNewIO(ConnectionImpl.java:815)
at com.mysql.cj.jdbc.ConnectionImpl.<init>(ConnectionImpl.java:438)
at com.mysql.cj.jdbc.ConnectionImpl.getInstance(ConnectionImpl.java:241)
at com.mysql.cj.jdbc.NonRegisteringDriver.connect(NonRegisteringDriver.java:189)
at java.sql/java.sql.DriverManager.getConnection(DriverManager.java:683)
at java.sql/java.sql.DriverManager.getConnection(DriverManager.java:230)
at Utility.DataBaseUtility.getconnectwith_DB(DataBaseUtility.java:55)
at BaseClassUtility.BaseClass.ConnectWith_BD(BaseClass.java:39)
Caused by: com.mysql.cj.exceptions.CJCommunicationsException: Communications link failure

The last packet sent successfully to the server was 0 milliseconds ago. The driver has not received any packets from the server.
at com.mysql.cj.exceptions.ExceptionFactory.createException(ExceptionFactory.java:61)
at com.mysql.cj.exceptions.ExceptionFactory.createException(ExceptionFactory.java:104)
at com.mysql.cj.exceptions.ExceptionFactory.createException(ExceptionFactory.java:149)
at com.mysql.cj.exceptions.ExceptionFactory.createCommunicationsException(ExceptionFactory.java:165)
at com.mysql.cj.protocol.a.NativeSocketConnection.connect(NativeSocketConnection.java:88)
at com.mysql.cj.NativeSession.connect(NativeSession.java:120)
at com.mysql.cj.jdbc.ConnectionImpl.connectOneTryOnly(ConnectionImpl.java:935)
at com.mysql.cj.jdbc.ConnectionImpl.createNewIO(ConnectionImpl.java:805)
... 24 more
Caused by: java.net.ConnectException: Connection refused: connect
at java.base/sun.nio.ch.Net.connect0(Native Method)
at java.base/sun.nio.ch.Net.connect(Net.java:589)
at java.base/sun.nio.ch.Net.connect(Net.java:578)
at java.base/sun.nio.ch.NioSocketImpl.connect(NioSocketImpl.java:583)
at java.base/java.net.SocksSocketImpl.connect(SocksSocketImpl.java:327)
at java.base/java.net.Socket.connect(Socket.java:751)
at com.mysql.cj.protocol.StandardSocketFactory.connect(StandardSocketFactory.java:153)
at com.mysql.cj.protocol.a.NativeSocketConnection.connect(NativeSocketConnection.java:62)
... 27 more
... Removed 20 stack frames]]>
    </failure>
  </testcase> <!-- @BeforeSuite ConnectWith_BD -->
  <testcase classname="BaseClassUtility.BaseClass" name="@BeforeTest ConfigParallelExe" time="0.0">
    <skipped/>
  </testcase> <!-- @BeforeTest ConfigParallelExe -->
  <testcase classname="BaseClassUtility.BaseClass" name="@BeforeTest ConfigParallelExe" time="0.0">
    <skipped/>
  </testcase> <!-- @BeforeTest ConfigParallelExe -->
  <testcase classname="BaseClassUtility.BaseClass" name="@BeforeClass LaunchTheBrowser" time="0.0">
    <skipped/>
  </testcase> <!-- @BeforeClass LaunchTheBrowser -->
  <testcase classname="BaseClassUtility.BaseClass" name="@BeforeClass LaunchTheBrowser" time="0.0">
    <skipped/>
  </testcase> <!-- @BeforeClass LaunchTheBrowser -->
  <testcase classname="BaseClassUtility.BaseClass" name="@BeforeMethod login" time="0.0">
    <skipped/>
  </testcase> <!-- @BeforeMethod login -->
  <testcase classname="BaseClassUtility.BaseClass" name="@BeforeMethod login" time="0.0">
    <skipped/>
  </testcase> <!-- @BeforeMethod login -->
  <testcase classname="BaseClassUtility.BaseClass" name="@AfterMethod Logout" time="0.0">
    <skipped/>
  </testcase> <!-- @AfterMethod Logout -->
  <testcase classname="BaseClassUtility.BaseClass" name="@AfterMethod Logout" time="0.0">
    <skipped/>
  </testcase> <!-- @AfterMethod Logout -->
  <testcase classname="BaseClassUtility.BaseClass" name="@BeforeMethod login" time="0.0">
    <skipped/>
  </testcase> <!-- @BeforeMethod login -->
  <testcase classname="BaseClassUtility.BaseClass" name="@BeforeMethod login" time="0.0">
    <skipped/>
  </testcase> <!-- @BeforeMethod login -->
  <testcase classname="BaseClassUtility.BaseClass" name="@AfterMethod Logout" time="0.0">
    <skipped/>
  </testcase> <!-- @AfterMethod Logout -->
  <testcase classname="BaseClassUtility.BaseClass" name="@AfterMethod Logout" time="0.0">
    <skipped/>
  </testcase> <!-- @AfterMethod Logout -->
  <testcase classname="BaseClassUtility.BaseClass" name="@BeforeMethod login" time="0.0">
    <skipped/>
  </testcase> <!-- @BeforeMethod login -->
  <testcase classname="BaseClassUtility.BaseClass" name="@BeforeMethod login" time="0.0">
    <skipped/>
  </testcase> <!-- @BeforeMethod login -->
  <testcase classname="BaseClassUtility.BaseClass" name="@AfterMethod Logout" time="0.0">
    <skipped/>
  </testcase> <!-- @AfterMethod Logout -->
  <testcase classname="BaseClassUtility.BaseClass" name="@AfterClass quitThebrowser" time="0.0">
    <skipped/>
  </testcase> <!-- @AfterClass quitThebrowser -->
  <testcase classname="BaseClassUtility.BaseClass" name="@AfterMethod Logout" time="0.0">
    <skipped/>
  </testcase> <!-- @AfterMethod Logout -->
  <testcase classname="BaseClassUtility.BaseClass" name="@AfterTest CloseConfigParallelExe" time="0.0">
    <skipped/>
  </testcase> <!-- @AfterTest CloseConfigParallelExe -->
  <testcase classname="BaseClassUtility.BaseClass" name="@AfterClass quitThebrowser" time="0.0">
    <skipped/>
  </testcase> <!-- @AfterClass quitThebrowser -->
  <testcase classname="BaseClassUtility.BaseClass" name="@AfterTest CloseConfigParallelExe" time="0.0">
    <skipped/>
  </testcase> <!-- @AfterTest CloseConfigParallelExe -->
  <testcase classname="organization_module.OrganizationModuleTest" name="Createorgname_With_Industery_Typetest" time="0.0">
    <skipped/>
  </testcase> <!-- Createorgname_With_Industery_Typetest -->
  <testcase classname="organization_module.OrganizationModuleTest" name="Createorgname_Withphonenumber_test" time="0.001">
    <skipped/>
  </testcase> <!-- Createorgname_Withphonenumber_test -->
  <testcase classname="organization_module.OrganizationModuleTest" name="Createorgname_test" time="0.0">
    <skipped/>
  </testcase> <!-- Createorgname_test -->
</testsuite> <!-- Test1 -->
