<?xml version="1.0" encoding="UTF-8"?>
<testng-results ignored="0" total="6" passed="0" failed="0" skipped="6">
  <reporter-output>
    <line>
      <![CDATA[Suite Execution Started-Adv Report Configuration]]>
    </line>
    <line>
      <![CDATA[Createorgname_With_Industery_Typetest : Test Execution Started]]>
    </line>
    <line>
      <![CDATA[CreateContact_WithSupportdates_test : Test Execution Started]]>
    </line>
    <line>
      <![CDATA[Createorgname_Withphonenumber_test : Test Execution Started]]>
    </line>
    <line>
      <![CDATA[Suite Execution Started-Adv Report Configuration]]>
    </line>
    <line>
      <![CDATA[Createorgname_With_Industery_Typetest : Test Execution Started]]>
    </line>
    <line>
      <![CDATA[CreateContact_WithSupportdates_test : Test Execution Started]]>
    </line>
    <line>
      <![CDATA[CreateContact_With_orgnametest : Test Execution Started]]>
    </line>
    <line>
      <![CDATA[Createorgname_test : Test Execution Started]]>
    </line>
    <line>
      <![CDATA[CreateContact_Withlastname_test : Test Execution Started]]>
    </line>
  </reporter-output>
  <suite started-at="2026-05-12T16:26:26 IST" name="Suite" finished-at="2026-05-12T16:26:26 IST" duration-ms="172">
    <groups>
      <group name="regression">
        <method signature="OrganizationModuleTest.Createorgname_Withphonenumber_test()[pri:0, instance:organization_module.OrganizationModuleTest@302552ec]" name="Createorgname_Withphonenumber_test" class="organization_module.OrganizationModuleTest"/>
        <method signature="OrganizationModuleTest.Createorgname_test()[pri:0, instance:organization_module.OrganizationModuleTest@302552ec]" name="Createorgname_test" class="organization_module.OrganizationModuleTest"/>
        <method signature="ContactModuleTest.CreateContact_WithSupportdates_test()[pri:0, instance:Contact_Module.ContactModuleTest@75db5df9]" name="CreateContact_WithSupportdates_test" class="Contact_Module.ContactModuleTest"/>
        <method signature="ContactModuleTest.CreateContact_With_orgnametest()[pri:0, instance:Contact_Module.ContactModuleTest@75db5df9]" name="CreateContact_With_orgnametest" class="Contact_Module.ContactModuleTest"/>
      </group> <!-- regression -->
      <group name="smoke">
        <method signature="OrganizationModuleTest.Createorgname_With_Industery_Typetest()[pri:0, instance:organization_module.OrganizationModuleTest@302552ec]" name="Createorgname_With_Industery_Typetest" class="organization_module.OrganizationModuleTest"/>
        <method signature="ContactModuleTest.CreateContact_Withlastname_test()[pri:0, instance:Contact_Module.ContactModuleTest@75db5df9]" name="CreateContact_Withlastname_test" class="Contact_Module.ContactModuleTest"/>
      </group> <!-- smoke -->
    </groups>
    <test started-at="2026-05-12T16:26:26 IST" name="Test1" finished-at="2026-05-12T16:26:26 IST" duration-ms="165">
      <class name="organization_module.OrganizationModuleTest">
        <test-method is-config="true" signature="ConfigParallelExe()[pri:0, instance:organization_module.OrganizationModuleTest@302552ec]" started-at="2026-05-12T16:26:26 IST" name="ConfigParallelExe" finished-at="2026-05-12T16:26:26 IST" duration-ms="0" status="SKIP">
          <reporter-output>
          </reporter-output>
        </test-method> <!-- ConfigParallelExe -->
        <test-method is-config="true" signature="LaunchTheBrowser()[pri:0, instance:organization_module.OrganizationModuleTest@302552ec]" started-at="2026-05-12T16:26:26 IST" name="LaunchTheBrowser" finished-at="2026-05-12T16:26:26 IST" duration-ms="0" status="SKIP">
          <reporter-output>
          </reporter-output>
        </test-method> <!-- LaunchTheBrowser -->
        <test-method is-config="true" signature="login()[pri:0, instance:organization_module.OrganizationModuleTest@302552ec]" started-at="2026-05-12T16:26:26 IST" name="login" finished-at="2026-05-12T16:26:26 IST" duration-ms="0" status="SKIP">
          <reporter-output>
          </reporter-output>
        </test-method> <!-- login -->
        <test-method signature="Createorgname_With_Industery_Typetest()[pri:0, instance:organization_module.OrganizationModuleTest@302552ec]" started-at="2026-05-12T16:26:26 IST" name="Createorgname_With_Industery_Typetest" finished-at="2026-05-12T16:26:26 IST" duration-ms="0" status="SKIP">
          <reporter-output>
            <line>
              <![CDATA[Createorgname_Withphonenumber_test : Test Execution Started]]>
            </line>
          </reporter-output>
        </test-method> <!-- Createorgname_With_Industery_Typetest -->
        <test-method is-config="true" signature="Logout()[pri:0, instance:organization_module.OrganizationModuleTest@302552ec]" started-at="2026-05-12T16:26:26 IST" name="Logout" finished-at="2026-05-12T16:26:26 IST" duration-ms="0" status="SKIP">
          <reporter-output>
          </reporter-output>
        </test-method> <!-- Logout -->
        <test-method is-config="true" signature="login()[pri:0, instance:organization_module.OrganizationModuleTest@302552ec]" started-at="2026-05-12T16:26:26 IST" name="login" finished-at="2026-05-12T16:26:26 IST" duration-ms="0" status="SKIP">
          <reporter-output>
          </reporter-output>
        </test-method> <!-- login -->
        <test-method signature="Createorgname_Withphonenumber_test()[pri:0, instance:organization_module.OrganizationModuleTest@302552ec]" started-at="2026-05-12T16:26:26 IST" name="Createorgname_Withphonenumber_test" finished-at="2026-05-12T16:26:26 IST" duration-ms="1" status="SKIP">
          <reporter-output>
            <line>
              <![CDATA[Createorgname_test : Test Execution Started]]>
            </line>
          </reporter-output>
        </test-method> <!-- Createorgname_Withphonenumber_test -->
        <test-method is-config="true" signature="Logout()[pri:0, instance:organization_module.OrganizationModuleTest@302552ec]" started-at="2026-05-12T16:26:26 IST" name="Logout" finished-at="2026-05-12T16:26:26 IST" duration-ms="0" status="SKIP">
          <reporter-output>
          </reporter-output>
        </test-method> <!-- Logout -->
        <test-method is-config="true" signature="login()[pri:0, instance:organization_module.OrganizationModuleTest@302552ec]" started-at="2026-05-12T16:26:26 IST" name="login" finished-at="2026-05-12T16:26:26 IST" duration-ms="0" status="SKIP">
          <reporter-output>
          </reporter-output>
        </test-method> <!-- login -->
        <test-method signature="Createorgname_test()[pri:0, instance:organization_module.OrganizationModuleTest@302552ec]" started-at="2026-05-12T16:26:26 IST" name="Createorgname_test" finished-at="2026-05-12T16:26:26 IST" duration-ms="0" status="SKIP">
          <reporter-output>
          </reporter-output>
        </test-method> <!-- Createorgname_test -->
        <test-method is-config="true" signature="Logout()[pri:0, instance:organization_module.OrganizationModuleTest@302552ec]" started-at="2026-05-12T16:26:26 IST" name="Logout" finished-at="2026-05-12T16:26:26 IST" duration-ms="0" status="SKIP">
          <reporter-output>
          </reporter-output>
        </test-method> <!-- Logout -->
        <test-method is-config="true" signature="quitThebrowser()[pri:0, instance:organization_module.OrganizationModuleTest@302552ec]" started-at="2026-05-12T16:26:26 IST" name="quitThebrowser" finished-at="2026-05-12T16:26:26 IST" duration-ms="0" status="SKIP">
          <reporter-output>
          </reporter-output>
        </test-method> <!-- quitThebrowser -->
        <test-method is-config="true" signature="CloseConfigParallelExe()[pri:0, instance:organization_module.OrganizationModuleTest@302552ec]" started-at="2026-05-12T16:26:26 IST" name="CloseConfigParallelExe" finished-at="2026-05-12T16:26:26 IST" duration-ms="0" status="SKIP">
          <reporter-output>
          </reporter-output>
        </test-method> <!-- CloseConfigParallelExe -->
      </class> <!-- organization_module.OrganizationModuleTest -->
    </test> <!-- Test1 -->
    <test started-at="2026-05-12T16:26:26 IST" name="Test2" finished-at="2026-05-12T16:26:26 IST" duration-ms="172">
      <class name="Contact_Module.ContactModuleTest">
        <test-method is-config="true" signature="ConnectWith_BD()[pri:0, instance:Contact_Module.ContactModuleTest@75db5df9]" started-at="2026-05-12T16:26:26 IST" name="ConnectWith_BD" finished-at="2026-05-12T16:26:26 IST" duration-ms="181" status="FAIL">
          <exception class="com.mysql.cj.jdbc.exceptions.CommunicationsException">
            <message>
              <![CDATA[Communications link failure

The last packet sent successfully to the server was 0 milliseconds ago. The driver has not received any packets from the server.]]>
            </message>
            <full-stacktrace>
              <![CDATA[com.mysql.cj.jdbc.exceptions.CommunicationsException: Communications link failure

The last packet sent successfully to the server was 0 milliseconds ago. The driver has not received any packets from the server.
at com.mysql.cj.jdbc.exceptions.SQLError.createCommunicationsException(SQLError.java:174)
at com.mysql.cj.jdbc.exceptions.SQLExceptionsMapping.translateException(SQLExceptionsMapping.java:64)
at com.mysql.cj.jdbc.ConnectionImpl.createNewIO(ConnectionImpl.java:815)
at com.mysql.cj.jdbc.ConnectionImpl.<init>(ConnectionImpl.java:438)
at com.mysql.cj.jdbc.ConnectionImpl.getInstance(ConnectionImpl.java:241)
at com.mysql.cj.jdbc.NonRegisteringDriver.connect(NonRegisteringDriver.java:189)
at java.sql/java.sql.DriverManager.getConnection(DriverManager.java:683)
at java.sql/java.sql.DriverManager.getConnection(DriverManager.java:230)
at Utility.DataBaseUtility.getconnectwith_DB(DataBaseUtility.java:55)
at BaseClassUtility.BaseClass.ConnectWith_BD(BaseClass.java:39)
at java.base/jdk.internal.reflect.DirectMethodHandleAccessor.invoke(DirectMethodHandleAccessor.java:103)
at java.base/java.lang.reflect.Method.invoke(Method.java:580)
at org.testng.internal.invokers.MethodInvocationHelper.invokeMethod(MethodInvocationHelper.java:141)
at org.testng.internal.invokers.MethodInvocationHelper.invokeMethodConsideringTimeout(MethodInvocationHelper.java:71)
at org.testng.internal.invokers.ConfigInvoker.invokeConfigurationMethod(ConfigInvoker.java:400)
at org.testng.internal.invokers.ConfigInvoker.invokeConfigurations(ConfigInvoker.java:333)
at org.testng.SuiteRunner.privateRun(SuiteRunner.java:358)
at org.testng.SuiteRunner.run(SuiteRunner.java:312)
at org.testng.SuiteRunnerWorker.runSuite(SuiteRunnerWorker.java:52)
at org.testng.SuiteRunnerWorker.run(SuiteRunnerWorker.java:95)
at org.testng.TestNG.runSuitesSequentially(TestNG.java:1274)
at org.testng.TestNG.runSuitesLocally(TestNG.java:1208)
at org.testng.TestNG.runSuites(TestNG.java:1112)
at org.testng.TestNG.run(TestNG.java:1079)
at org.testng.remote.AbstractRemoteTestNG.run(AbstractRemoteTestNG.java:115)
at org.testng.remote.RemoteTestNG.initAndRun(RemoteTestNG.java:293)
at org.testng.remote.RemoteTestNG.main(RemoteTestNG.java:91)
Caused by: com.mysql.cj.exceptions.CJCommunicationsException: Communications link failure

The last packet sent successfully to the server was 0 milliseconds ago. The driver has not received any packets from the server.
at java.base/jdk.internal.reflect.DirectConstructorHandleAccessor.newInstance(DirectConstructorHandleAccessor.java:62)
at java.base/java.lang.reflect.Constructor.newInstanceWithCaller(Constructor.java:502)
at java.base/java.lang.reflect.Constructor.newInstance(Constructor.java:486)
at com.mysql.cj.exceptions.ExceptionFactory.createException(ExceptionFactory.java:61)
at com.mysql.cj.exceptions.ExceptionFactory.createException(ExceptionFactory.java:104)
at com.mysql.cj.exceptions.ExceptionFactory.createException(ExceptionFactory.java:149)
at com.mysql.cj.exceptions.ExceptionFactory.createCommunicationsException(ExceptionFactory.java:165)
at com.mysql.cj.protocol.a.NativeSocketConnection.connect(NativeSocketConnection.java:88)
at com.mysql.cj.NativeSession.connect(NativeSession.java:120)
at com.mysql.cj.jdbc.ConnectionImpl.connectOneTryOnly(ConnectionImpl.java:935)
at com.mysql.cj.jdbc.ConnectionImpl.createNewIO(ConnectionImpl.java:805)
... 24 more
Caused by: java.net.ConnectException: Connection refused: connect
at java.base/sun.nio.ch.Net.connect0(Native Method)
at java.base/sun.nio.ch.Net.connect(Net.java:589)
at java.base/sun.nio.ch.Net.connect(Net.java:578)
at java.base/sun.nio.ch.NioSocketImpl.connect(NioSocketImpl.java:583)
at java.base/java.net.SocksSocketImpl.connect(SocksSocketImpl.java:327)
at java.base/java.net.Socket.connect(Socket.java:751)
at com.mysql.cj.protocol.StandardSocketFactory.connect(StandardSocketFactory.java:153)
at com.mysql.cj.protocol.a.NativeSocketConnection.connect(NativeSocketConnection.java:62)
... 27 more
]]>
            </full-stacktrace>
          </exception> <!-- com.mysql.cj.jdbc.exceptions.CommunicationsException -->
          <reporter-output>
          </reporter-output>
        </test-method> <!-- ConnectWith_BD -->
        <test-method is-config="true" signature="ConfigParallelExe()[pri:0, instance:Contact_Module.ContactModuleTest@75db5df9]" started-at="2026-05-12T16:26:26 IST" name="ConfigParallelExe" finished-at="2026-05-12T16:26:26 IST" duration-ms="0" status="SKIP">
          <reporter-output>
          </reporter-output>
        </test-method> <!-- ConfigParallelExe -->
        <test-method is-config="true" signature="LaunchTheBrowser()[pri:0, instance:Contact_Module.ContactModuleTest@75db5df9]" started-at="2026-05-12T16:26:26 IST" name="LaunchTheBrowser" finished-at="2026-05-12T16:26:26 IST" duration-ms="0" status="SKIP">
          <reporter-output>
          </reporter-output>
        </test-method> <!-- LaunchTheBrowser -->
        <test-method is-config="true" signature="login()[pri:0, instance:Contact_Module.ContactModuleTest@75db5df9]" started-at="2026-05-12T16:26:26 IST" name="login" finished-at="2026-05-12T16:26:26 IST" duration-ms="0" status="SKIP">
          <reporter-output>
          </reporter-output>
        </test-method> <!-- login -->
        <test-method signature="CreateContact_WithSupportdates_test()[pri:0, instance:Contact_Module.ContactModuleTest@75db5df9]" started-at="2026-05-12T16:26:26 IST" name="CreateContact_WithSupportdates_test" finished-at="2026-05-12T16:26:26 IST" duration-ms="0" status="SKIP">
          <exception class="com.mysql.cj.jdbc.exceptions.CommunicationsException">
            <message>
              <![CDATA[Communications link failure

The last packet sent successfully to the server was 0 milliseconds ago. The driver has not received any packets from the server.]]>
            </message>
            <full-stacktrace>
              <![CDATA[com.mysql.cj.jdbc.exceptions.CommunicationsException: Communications link failure

The last packet sent successfully to the server was 0 milliseconds ago. The driver has not received any packets from the server.
at com.mysql.cj.jdbc.exceptions.SQLError.createCommunicationsException(SQLError.java:174)
at com.mysql.cj.jdbc.exceptions.SQLExceptionsMapping.translateException(SQLExceptionsMapping.java:64)
at com.mysql.cj.jdbc.ConnectionImpl.createNewIO(ConnectionImpl.java:815)
at com.mysql.cj.jdbc.ConnectionImpl.<init>(ConnectionImpl.java:438)
at com.mysql.cj.jdbc.ConnectionImpl.getInstance(ConnectionImpl.java:241)
at com.mysql.cj.jdbc.NonRegisteringDriver.connect(NonRegisteringDriver.java:189)
at java.sql/java.sql.DriverManager.getConnection(DriverManager.java:683)
at java.sql/java.sql.DriverManager.getConnection(DriverManager.java:230)
at Utility.DataBaseUtility.getconnectwith_DB(DataBaseUtility.java:55)
at BaseClassUtility.BaseClass.ConnectWith_BD(BaseClass.java:39)
at java.base/jdk.internal.reflect.DirectMethodHandleAccessor.invoke(DirectMethodHandleAccessor.java:103)
at java.base/java.lang.reflect.Method.invoke(Method.java:580)
at org.testng.internal.invokers.MethodInvocationHelper.invokeMethod(MethodInvocationHelper.java:141)
at org.testng.internal.invokers.MethodInvocationHelper.invokeMethodConsideringTimeout(MethodInvocationHelper.java:71)
at org.testng.internal.invokers.ConfigInvoker.invokeConfigurationMethod(ConfigInvoker.java:400)
at org.testng.internal.invokers.ConfigInvoker.invokeConfigurations(ConfigInvoker.java:333)
at org.testng.SuiteRunner.privateRun(SuiteRunner.java:358)
at org.testng.SuiteRunner.run(SuiteRunner.java:312)
at org.testng.SuiteRunnerWorker.runSuite(SuiteRunnerWorker.java:52)
at org.testng.SuiteRunnerWorker.run(SuiteRunnerWorker.java:95)
at org.testng.TestNG.runSuitesSequentially(TestNG.java:1274)
at org.testng.TestNG.runSuitesLocally(TestNG.java:1208)
at org.testng.TestNG.runSuites(TestNG.java:1112)
at org.testng.TestNG.run(TestNG.java:1079)
at org.testng.remote.AbstractRemoteTestNG.run(AbstractRemoteTestNG.java:115)
at org.testng.remote.RemoteTestNG.initAndRun(RemoteTestNG.java:293)
at org.testng.remote.RemoteTestNG.main(RemoteTestNG.java:91)
Caused by: com.mysql.cj.exceptions.CJCommunicationsException: Communications link failure

The last packet sent successfully to the server was 0 milliseconds ago. The driver has not received any packets from the server.
at java.base/jdk.internal.reflect.DirectConstructorHandleAccessor.newInstance(DirectConstructorHandleAccessor.java:62)
at java.base/java.lang.reflect.Constructor.newInstanceWithCaller(Constructor.java:502)
at java.base/java.lang.reflect.Constructor.newInstance(Constructor.java:486)
at com.mysql.cj.exceptions.ExceptionFactory.createException(ExceptionFactory.java:61)
at com.mysql.cj.exceptions.ExceptionFactory.createException(ExceptionFactory.java:104)
at com.mysql.cj.exceptions.ExceptionFactory.createException(ExceptionFactory.java:149)
at com.mysql.cj.exceptions.ExceptionFactory.createCommunicationsException(ExceptionFactory.java:165)
at com.mysql.cj.protocol.a.NativeSocketConnection.connect(NativeSocketConnection.java:88)
at com.mysql.cj.NativeSession.connect(NativeSession.java:120)
at com.mysql.cj.jdbc.ConnectionImpl.connectOneTryOnly(ConnectionImpl.java:935)
at com.mysql.cj.jdbc.ConnectionImpl.createNewIO(ConnectionImpl.java:805)
... 24 more
Caused by: java.net.ConnectException: Connection refused: connect
at java.base/sun.nio.ch.Net.connect0(Native Method)
at java.base/sun.nio.ch.Net.connect(Net.java:589)
at java.base/sun.nio.ch.Net.connect(Net.java:578)
at java.base/sun.nio.ch.NioSocketImpl.connect(NioSocketImpl.java:583)
at java.base/java.net.SocksSocketImpl.connect(SocksSocketImpl.java:327)
at java.base/java.net.Socket.connect(Socket.java:751)
at com.mysql.cj.protocol.StandardSocketFactory.connect(StandardSocketFactory.java:153)
at com.mysql.cj.protocol.a.NativeSocketConnection.connect(NativeSocketConnection.java:62)
... 27 more
]]>
            </full-stacktrace>
          </exception> <!-- com.mysql.cj.jdbc.exceptions.CommunicationsException -->
          <reporter-output>
            <line>
              <![CDATA[CreateContact_With_orgnametest : Test Execution Started]]>
            </line>
          </reporter-output>
        </test-method> <!-- CreateContact_WithSupportdates_test -->
        <test-method is-config="true" signature="Logout()[pri:0, instance:Contact_Module.ContactModuleTest@75db5df9]" started-at="2026-05-12T16:26:26 IST" name="Logout" finished-at="2026-05-12T16:26:26 IST" duration-ms="0" status="SKIP">
          <reporter-output>
          </reporter-output>
        </test-method> <!-- Logout -->
        <test-method is-config="true" signature="login()[pri:0, instance:Contact_Module.ContactModuleTest@75db5df9]" started-at="2026-05-12T16:26:26 IST" name="login" finished-at="2026-05-12T16:26:26 IST" duration-ms="0" status="SKIP">
          <reporter-output>
          </reporter-output>
        </test-method> <!-- login -->
        <test-method signature="CreateContact_With_orgnametest()[pri:0, instance:Contact_Module.ContactModuleTest@75db5df9]" started-at="2026-05-12T16:26:26 IST" name="CreateContact_With_orgnametest" finished-at="2026-05-12T16:26:26 IST" duration-ms="0" status="SKIP">
          <exception class="com.mysql.cj.jdbc.exceptions.CommunicationsException">
            <message>
              <![CDATA[Communications link failure

The last packet sent successfully to the server was 0 milliseconds ago. The driver has not received any packets from the server.]]>
            </message>
            <full-stacktrace>
              <![CDATA[com.mysql.cj.jdbc.exceptions.CommunicationsException: Communications link failure

The last packet sent successfully to the server was 0 milliseconds ago. The driver has not received any packets from the server.
at com.mysql.cj.jdbc.exceptions.SQLError.createCommunicationsException(SQLError.java:174)
at com.mysql.cj.jdbc.exceptions.SQLExceptionsMapping.translateException(SQLExceptionsMapping.java:64)
at com.mysql.cj.jdbc.ConnectionImpl.createNewIO(ConnectionImpl.java:815)
at com.mysql.cj.jdbc.ConnectionImpl.<init>(ConnectionImpl.java:438)
at com.mysql.cj.jdbc.ConnectionImpl.getInstance(ConnectionImpl.java:241)
at com.mysql.cj.jdbc.NonRegisteringDriver.connect(NonRegisteringDriver.java:189)
at java.sql/java.sql.DriverManager.getConnection(DriverManager.java:683)
at java.sql/java.sql.DriverManager.getConnection(DriverManager.java:230)
at Utility.DataBaseUtility.getconnectwith_DB(DataBaseUtility.java:55)
at BaseClassUtility.BaseClass.ConnectWith_BD(BaseClass.java:39)
at java.base/jdk.internal.reflect.DirectMethodHandleAccessor.invoke(DirectMethodHandleAccessor.java:103)
at java.base/java.lang.reflect.Method.invoke(Method.java:580)
at org.testng.internal.invokers.MethodInvocationHelper.invokeMethod(MethodInvocationHelper.java:141)
at org.testng.internal.invokers.MethodInvocationHelper.invokeMethodConsideringTimeout(MethodInvocationHelper.java:71)
at org.testng.internal.invokers.ConfigInvoker.invokeConfigurationMethod(ConfigInvoker.java:400)
at org.testng.internal.invokers.ConfigInvoker.invokeConfigurations(ConfigInvoker.java:333)
at org.testng.SuiteRunner.privateRun(SuiteRunner.java:358)
at org.testng.SuiteRunner.run(SuiteRunner.java:312)
at org.testng.SuiteRunnerWorker.runSuite(SuiteRunnerWorker.java:52)
at org.testng.SuiteRunnerWorker.run(SuiteRunnerWorker.java:95)
at org.testng.TestNG.runSuitesSequentially(TestNG.java:1274)
at org.testng.TestNG.runSuitesLocally(TestNG.java:1208)
at org.testng.TestNG.runSuites(TestNG.java:1112)
at org.testng.TestNG.run(TestNG.java:1079)
at org.testng.remote.AbstractRemoteTestNG.run(AbstractRemoteTestNG.java:115)
at org.testng.remote.RemoteTestNG.initAndRun(RemoteTestNG.java:293)
at org.testng.remote.RemoteTestNG.main(RemoteTestNG.java:91)
Caused by: com.mysql.cj.exceptions.CJCommunicationsException: Communications link failure

The last packet sent successfully to the server was 0 milliseconds ago. The driver has not received any packets from the server.
at java.base/jdk.internal.reflect.DirectConstructorHandleAccessor.newInstance(DirectConstructorHandleAccessor.java:62)
at java.base/java.lang.reflect.Constructor.newInstanceWithCaller(Constructor.java:502)
at java.base/java.lang.reflect.Constructor.newInstance(Constructor.java:486)
at com.mysql.cj.exceptions.ExceptionFactory.createException(ExceptionFactory.java:61)
at com.mysql.cj.exceptions.ExceptionFactory.createException(ExceptionFactory.java:104)
at com.mysql.cj.exceptions.ExceptionFactory.createException(ExceptionFactory.java:149)
at com.mysql.cj.exceptions.ExceptionFactory.createCommunicationsException(ExceptionFactory.java:165)
at com.mysql.cj.protocol.a.NativeSocketConnection.connect(NativeSocketConnection.java:88)
at com.mysql.cj.NativeSession.connect(NativeSession.java:120)
at com.mysql.cj.jdbc.ConnectionImpl.connectOneTryOnly(ConnectionImpl.java:935)
at com.mysql.cj.jdbc.ConnectionImpl.createNewIO(ConnectionImpl.java:805)
... 24 more
Caused by: java.net.ConnectException: Connection refused: connect
at java.base/sun.nio.ch.Net.connect0(Native Method)
at java.base/sun.nio.ch.Net.connect(Net.java:589)
at java.base/sun.nio.ch.Net.connect(Net.java:578)
at java.base/sun.nio.ch.NioSocketImpl.connect(NioSocketImpl.java:583)
at java.base/java.net.SocksSocketImpl.connect(SocksSocketImpl.java:327)
at java.base/java.net.Socket.connect(Socket.java:751)
at com.mysql.cj.protocol.StandardSocketFactory.connect(StandardSocketFactory.java:153)
at com.mysql.cj.protocol.a.NativeSocketConnection.connect(NativeSocketConnection.java:62)
... 27 more
]]>
            </full-stacktrace>
          </exception> <!-- com.mysql.cj.jdbc.exceptions.CommunicationsException -->
          <reporter-output>
            <line>
              <![CDATA[CreateContact_Withlastname_test : Test Execution Started]]>
            </line>
          </reporter-output>
        </test-method> <!-- CreateContact_With_orgnametest -->
        <test-method is-config="true" signature="Logout()[pri:0, instance:Contact_Module.ContactModuleTest@75db5df9]" started-at="2026-05-12T16:26:26 IST" name="Logout" finished-at="2026-05-12T16:26:26 IST" duration-ms="0" status="SKIP">
          <reporter-output>
          </reporter-output>
        </test-method> <!-- Logout -->
        <test-method is-config="true" signature="login()[pri:0, instance:Contact_Module.ContactModuleTest@75db5df9]" started-at="2026-05-12T16:26:26 IST" name="login" finished-at="2026-05-12T16:26:26 IST" duration-ms="0" status="SKIP">
          <reporter-output>
          </reporter-output>
        </test-method> <!-- login -->
        <test-method signature="CreateContact_Withlastname_test()[pri:0, instance:Contact_Module.ContactModuleTest@75db5df9]" started-at="2026-05-12T16:26:26 IST" name="CreateContact_Withlastname_test" finished-at="2026-05-12T16:26:26 IST" duration-ms="6" status="SKIP">
          <exception class="com.mysql.cj.jdbc.exceptions.CommunicationsException">
            <message>
              <![CDATA[Communications link failure

The last packet sent successfully to the server was 0 milliseconds ago. The driver has not received any packets from the server.]]>
            </message>
            <full-stacktrace>
              <![CDATA[com.mysql.cj.jdbc.exceptions.CommunicationsException: Communications link failure

The last packet sent successfully to the server was 0 milliseconds ago. The driver has not received any packets from the server.
at com.mysql.cj.jdbc.exceptions.SQLError.createCommunicationsException(SQLError.java:174)
at com.mysql.cj.jdbc.exceptions.SQLExceptionsMapping.translateException(SQLExceptionsMapping.java:64)
at com.mysql.cj.jdbc.ConnectionImpl.createNewIO(ConnectionImpl.java:815)
at com.mysql.cj.jdbc.ConnectionImpl.<init>(ConnectionImpl.java:438)
at com.mysql.cj.jdbc.ConnectionImpl.getInstance(ConnectionImpl.java:241)
at com.mysql.cj.jdbc.NonRegisteringDriver.connect(NonRegisteringDriver.java:189)
at java.sql/java.sql.DriverManager.getConnection(DriverManager.java:683)
at java.sql/java.sql.DriverManager.getConnection(DriverManager.java:230)
at Utility.DataBaseUtility.getconnectwith_DB(DataBaseUtility.java:55)
at BaseClassUtility.BaseClass.ConnectWith_BD(BaseClass.java:39)
at java.base/jdk.internal.reflect.DirectMethodHandleAccessor.invoke(DirectMethodHandleAccessor.java:103)
at java.base/java.lang.reflect.Method.invoke(Method.java:580)
at org.testng.internal.invokers.MethodInvocationHelper.invokeMethod(MethodInvocationHelper.java:141)
at org.testng.internal.invokers.MethodInvocationHelper.invokeMethodConsideringTimeout(MethodInvocationHelper.java:71)
at org.testng.internal.invokers.ConfigInvoker.invokeConfigurationMethod(ConfigInvoker.java:400)
at org.testng.internal.invokers.ConfigInvoker.invokeConfigurations(ConfigInvoker.java:333)
at org.testng.SuiteRunner.privateRun(SuiteRunner.java:358)
at org.testng.SuiteRunner.run(SuiteRunner.java:312)
at org.testng.SuiteRunnerWorker.runSuite(SuiteRunnerWorker.java:52)
at org.testng.SuiteRunnerWorker.run(SuiteRunnerWorker.java:95)
at org.testng.TestNG.runSuitesSequentially(TestNG.java:1274)
at org.testng.TestNG.runSuitesLocally(TestNG.java:1208)
at org.testng.TestNG.runSuites(TestNG.java:1112)
at org.testng.TestNG.run(TestNG.java:1079)
at org.testng.remote.AbstractRemoteTestNG.run(AbstractRemoteTestNG.java:115)
at org.testng.remote.RemoteTestNG.initAndRun(RemoteTestNG.java:293)
at org.testng.remote.RemoteTestNG.main(RemoteTestNG.java:91)
Caused by: com.mysql.cj.exceptions.CJCommunicationsException: Communications link failure

The last packet sent successfully to the server was 0 milliseconds ago. The driver has not received any packets from the server.
at java.base/jdk.internal.reflect.DirectConstructorHandleAccessor.newInstance(DirectConstructorHandleAccessor.java:62)
at java.base/java.lang.reflect.Constructor.newInstanceWithCaller(Constructor.java:502)
at java.base/java.lang.reflect.Constructor.newInstance(Constructor.java:486)
at com.mysql.cj.exceptions.ExceptionFactory.createException(ExceptionFactory.java:61)
at com.mysql.cj.exceptions.ExceptionFactory.createException(ExceptionFactory.java:104)
at com.mysql.cj.exceptions.ExceptionFactory.createException(ExceptionFactory.java:149)
at com.mysql.cj.exceptions.ExceptionFactory.createCommunicationsException(ExceptionFactory.java:165)
at com.mysql.cj.protocol.a.NativeSocketConnection.connect(NativeSocketConnection.java:88)
at com.mysql.cj.NativeSession.connect(NativeSession.java:120)
at com.mysql.cj.jdbc.ConnectionImpl.connectOneTryOnly(ConnectionImpl.java:935)
at com.mysql.cj.jdbc.ConnectionImpl.createNewIO(ConnectionImpl.java:805)
... 24 more
Caused by: java.net.ConnectException: Connection refused: connect
at java.base/sun.nio.ch.Net.connect0(Native Method)
at java.base/sun.nio.ch.Net.connect(Net.java:589)
at java.base/sun.nio.ch.Net.connect(Net.java:578)
at java.base/sun.nio.ch.NioSocketImpl.connect(NioSocketImpl.java:583)
at java.base/java.net.SocksSocketImpl.connect(SocksSocketImpl.java:327)
at java.base/java.net.Socket.connect(Socket.java:751)
at com.mysql.cj.protocol.StandardSocketFactory.connect(StandardSocketFactory.java:153)
at com.mysql.cj.protocol.a.NativeSocketConnection.connect(NativeSocketConnection.java:62)
... 27 more
]]>
            </full-stacktrace>
          </exception> <!-- com.mysql.cj.jdbc.exceptions.CommunicationsException -->
          <reporter-output>
          </reporter-output>
        </test-method> <!-- CreateContact_Withlastname_test -->
        <test-method is-config="true" signature="Logout()[pri:0, instance:Contact_Module.ContactModuleTest@75db5df9]" started-at="2026-05-12T16:26:26 IST" name="Logout" finished-at="2026-05-12T16:26:26 IST" duration-ms="0" status="SKIP">
          <reporter-output>
          </reporter-output>
        </test-method> <!-- Logout -->
        <test-method is-config="true" signature="quitThebrowser()[pri:0, instance:Contact_Module.ContactModuleTest@75db5df9]" started-at="2026-05-12T16:26:26 IST" name="quitThebrowser" finished-at="2026-05-12T16:26:26 IST" duration-ms="0" status="SKIP">
          <reporter-output>
          </reporter-output>
        </test-method> <!-- quitThebrowser -->
        <test-method is-config="true" signature="CloseConfigParallelExe()[pri:0, instance:Contact_Module.ContactModuleTest@75db5df9]" started-at="2026-05-12T16:26:26 IST" name="CloseConfigParallelExe" finished-at="2026-05-12T16:26:26 IST" duration-ms="0" status="SKIP">
          <reporter-output>
          </reporter-output>
        </test-method> <!-- CloseConfigParallelExe -->
        <test-method is-config="true" signature="Disconneted_DB()[pri:0, instance:Contact_Module.ContactModuleTest@75db5df9]" started-at="2026-05-12T16:26:26 IST" name="Disconneted_DB" finished-at="2026-05-12T16:26:26 IST" duration-ms="0" status="SKIP">
          <reporter-output>
          </reporter-output>
        </test-method> <!-- Disconneted_DB -->
      </class> <!-- Contact_Module.ContactModuleTest -->
    </test> <!-- Test2 -->
  </suite> <!-- Suite -->
</testng-results>
