<?xml version="1.0" encoding="UTF-8"?>
<!-- Generated by org.testng.reporters.JUnitReportReporter -->
<testsuite hostname="DESKTOP-ISVHKJH" failures="0" tests="3" name="organization_module.OrganizationModuleTest" time="0.001" errors="0" timestamp="2026-05-12T16:26:27 IST" skipped="3">
  <testcase classname="organization_module.OrganizationModuleTest" name="Createorgname_With_Industery_Typetest" time="0.000">
    <skipped/>
    <system-out>
      <![CDATA[Createorgname_Withphonenumber_test : Test Execution Started]]>
    </system-out>
  </testcase> <!-- Createorgname_With_Industery_Typetest -->
  <testcase classname="organization_module.OrganizationModuleTest" name="Createorgname_Withphonenumber_test" time="0.001">
    <skipped/>
    <system-out>
      <![CDATA[Createorgname_test : Test Execution Started]]>
    </system-out>
  </testcase> <!-- Createorgname_Withphonenumber_test -->
  <testcase classname="organization_module.OrganizationModuleTest" name="Createorgname_test" time="0.000">
    <skipped/>
  </testcase> <!-- Createorgname_test -->
  <system-out>
    <![CDATA[Suite Execution Started-Adv Report Configuration
Createorgname_With_Industery_Typetest : Test Execution Started
CreateContact_WithSupportdates_test : Test Execution Started
Createorgname_Withphonenumber_test : Test Execution Started
Suite Execution Started-Adv Report Configuration
Createorgname_With_Industery_Typetest : Test Execution Started
CreateContact_WithSupportdates_test : Test Execution Started
CreateContact_With_orgnametest : Test Execution Started
Createorgname_test : Test Execution Started
CreateContact_Withlastname_test : Test Execution Started]]>
  </system-out>
</testsuite> <!-- organization_module.OrganizationModuleTest -->
