<?xml version="1.0" encoding="UTF-8"?>
<!-- Generated by org.testng.reporters.JUnitReportReporter -->
<testsuite hostname="DESKTOP-ISVHKJH" failures="0" tests="3" name="Contact_Module.ContactModuleTest" time="0.001" errors="0" timestamp="2026-05-14T11:28:02 IST" skipped="3">
  <testcase classname="Contact_Module.ContactModuleTest" name="CreateContact_With_orgnametest" time="0.000">
    <skipped/>
    <system-out>
      <![CDATA[CreateContact_Withlastname_test : Test Execution Started]]>
    </system-out>
  </testcase> <!-- CreateContact_With_orgnametest -->
  <testcase classname="Contact_Module.ContactModuleTest" name="CreateContact_WithSupportdates_test" time="0.001">
    <skipped/>
    <system-out>
      <![CDATA[CreateContact_With_orgnametest : Test Execution Started]]>
    </system-out>
  </testcase> <!-- CreateContact_WithSupportdates_test -->
  <testcase classname="Contact_Module.ContactModuleTest" name="CreateContact_Withlastname_test" time="0.000">
    <skipped/>
  </testcase> <!-- CreateContact_Withlastname_test -->
  <system-out>
    <![CDATA[Suite Execution Started-Adv Report Configuration
Createorgname_With_Industery_Typetest : Test Execution Started
Createorgname_Withphonenumber_test : Test Execution Started
Createorgname_test : Test Execution Started
CreateContact_WithSupportdates_test : Test Execution Started
CreateContact_With_orgnametest : Test Execution Started
CreateContact_Withlastname_test : Test Execution Started]]>
  </system-out>
</testsuite> <!-- Contact_Module.ContactModuleTest -->
