<?xml version="1.0" encoding="UTF-8"?>
<!-- Generated by org.testng.reporters.JUnitReportReporter -->
<testsuite hostname="DESKTOP-ISVHKJH" failures="0" tests="4" name="Contact_Module.ContactModuleTest" time="0.169" errors="1" timestamp="2026-05-12T10:14:44 IST" skipped="3">
  <testcase classname="Contact_Module.ContactModuleTest" name="CreateContact_Withlastname_test" time="0.000">
    <skipped/>
  </testcase> <!-- CreateContact_Withlastname_test -->
  <testcase classname="Contact_Module.ContactModuleTest" name="CreateContact_WithSupportdates_test" time="0.000">
    <skipped/>
    <system-out>
      <![CDATA[CreateContact_With_orgnametest : Test Execution Started]]>
    </system-out>
  </testcase> <!-- CreateContact_WithSupportdates_test -->
  <testcase classname="Contact_Module.ContactModuleTest" name="CreateContact_With_orgnametest" time="0.001">
    <skipped/>
    <system-out>
      <![CDATA[CreateContact_Withlastname_test : Test Execution Started]]>
    </system-out>
  </testcase> <!-- CreateContact_With_orgnametest -->
  <testcase classname="Contact_Module.ContactModuleTest" name="ConnectWith_BD" time="0.168">
    <error message="Communications link failure

The last packet sent successfully to the server was 0 milliseconds ago. The driver has not received any packets from the server." type="com.mysql.cj.jdbc.exceptions.CommunicationsException">
      <![CDATA[com.mysql.cj.jdbc.exceptions.CommunicationsException: Communications link failure

The last packet sent successfully to the server was 0 milliseconds ago. The driver has not received any packets from the server.
at com.mysql.cj.jdbc.exceptions.SQLError.createCommunicationsException(SQLError.java:174)
at com.mysql.cj.jdbc.exceptions.SQLExceptionsMapping.translateException(SQLExceptionsMapping.java:64)
at com.mysql.cj.jdbc.ConnectionImpl.createNewIO(ConnectionImpl.java:815)
at com.mysql.cj.jdbc.ConnectionImpl.<init>(ConnectionImpl.java:438)
at com.mysql.cj.jdbc.ConnectionImpl.getInstance(ConnectionImpl.java:241)
at com.mysql.cj.jdbc.NonRegisteringDriver.connect(NonRegisteringDriver.java:189)
at java.sql/java.sql.DriverManager.getConnection(DriverManager.java:683)
at java.sql/java.sql.DriverManager.getConnection(DriverManager.java:230)
at Utility.DataBaseUtility.getconnectwith_DB(DataBaseUtility.java:55)
at BaseClassUtility.BaseClass.ConnectWith_BD(BaseClass.java:39)
at java.base/jdk.internal.reflect.DirectMethodHandleAccessor.invoke(DirectMethodHandleAccessor.java:103)
at java.base/java.lang.reflect.Method.invoke(Method.java:580)
at org.testng.internal.invokers.MethodInvocationHelper.invokeMethod(MethodInvocationHelper.java:141)
at org.testng.internal.invokers.MethodInvocationHelper.invokeMethodConsideringTimeout(MethodInvocationHelper.java:71)
at org.testng.internal.invokers.ConfigInvoker.invokeConfigurationMethod(ConfigInvoker.java:400)
at org.testng.internal.invokers.ConfigInvoker.invokeConfigurations(ConfigInvoker.java:333)
at org.testng.SuiteRunner.privateRun(SuiteRunner.java:358)
at org.testng.SuiteRunner.run(SuiteRunner.java:312)
at org.testng.SuiteRunnerWorker.runSuite(SuiteRunnerWorker.java:52)
at org.testng.SuiteRunnerWorker.run(SuiteRunnerWorker.java:95)
at org.testng.TestNG.runSuitesSequentially(TestNG.java:1274)
at org.testng.TestNG.runSuitesLocally(TestNG.java:1208)
at org.testng.TestNG.runSuites(TestNG.java:1112)
at org.testng.TestNG.run(TestNG.java:1079)
at org.testng.remote.AbstractRemoteTestNG.run(AbstractRemoteTestNG.java:115)
at org.testng.remote.RemoteTestNG.initAndRun(RemoteTestNG.java:293)
at org.testng.remote.RemoteTestNG.main(RemoteTestNG.java:91)
Caused by: com.mysql.cj.exceptions.CJCommunicationsException: Communications link failure

The last packet sent successfully to the server was 0 milliseconds ago. The driver has not received any packets from the server.
at java.base/jdk.internal.reflect.DirectConstructorHandleAccessor.newInstance(DirectConstructorHandleAccessor.java:62)
at java.base/java.lang.reflect.Constructor.newInstanceWithCaller(Constructor.java:502)
at java.base/java.lang.reflect.Constructor.newInstance(Constructor.java:486)
at com.mysql.cj.exceptions.ExceptionFactory.createException(ExceptionFactory.java:61)
at com.mysql.cj.exceptions.ExceptionFactory.createException(ExceptionFactory.java:104)
at com.mysql.cj.exceptions.ExceptionFactory.createException(ExceptionFactory.java:149)
at com.mysql.cj.exceptions.ExceptionFactory.createCommunicationsException(ExceptionFactory.java:165)
at com.mysql.cj.protocol.a.NativeSocketConnection.connect(NativeSocketConnection.java:88)
at com.mysql.cj.NativeSession.connect(NativeSession.java:120)
at com.mysql.cj.jdbc.ConnectionImpl.connectOneTryOnly(ConnectionImpl.java:935)
at com.mysql.cj.jdbc.ConnectionImpl.createNewIO(ConnectionImpl.java:805)
... 24 more
Caused by: java.net.ConnectException: Connection refused: connect
at java.base/sun.nio.ch.Net.connect0(Native Method)
at java.base/sun.nio.ch.Net.connect(Net.java:589)
at java.base/sun.nio.ch.Net.connect(Net.java:578)
at java.base/sun.nio.ch.NioSocketImpl.connect(NioSocketImpl.java:583)
at java.base/java.net.SocksSocketImpl.connect(SocksSocketImpl.java:327)
at java.base/java.net.Socket.connect(Socket.java:751)
at com.mysql.cj.protocol.StandardSocketFactory.connect(StandardSocketFactory.java:153)
at com.mysql.cj.protocol.a.NativeSocketConnection.connect(NativeSocketConnection.java:62)
... 27 more
]]>
    </error>
  </testcase> <!-- ConnectWith_BD -->
  <system-out>
    <![CDATA[Suite Execution Started-Adv Report Configuration
Createorgname_With_Industery_Typetest : Test Execution Started
CreateContact_WithSupportdates_test : Test Execution Started
CreateContact_With_orgnametest : Test Execution Started
Suite Execution Started-Adv Report Configuration
Createorgname_With_Industery_Typetest : Test Execution Started
CreateContact_WithSupportdates_test : Test Execution Started
Createorgname_Withphonenumber_test : Test Execution Started
Createorgname_test : Test Execution Started
CreateContact_Withlastname_test : Test Execution Started]]>
  </system-out>
</testsuite> <!-- Contact_Module.ContactModuleTest -->
